{
  "stats": {
    "suites": 1,
    "tests": 1,
    "passes": 1,
    "pending": 0,
    "failures": 0,
    "start": "2023-07-13T09:53:42.023Z",
    "end": "2023-07-13T09:53:49.179Z",
    "duration": 7156,
    "testsRegistered": 1,
    "passPercent": 100,
    "pendingPercent": 0,
    "other": 0,
    "hasOther": false,
    "skipped": 0,
    "hasSkipped": false
  },
  "results": [
    {
      "uuid": "03dfaee6-dd85-4c16-b0d8-cef6c489204d",
      "title": "",
      "fullFile": "cypress\\e2e\\examples\\TestInExamples1.cy.js",
      "file": "cypress\\e2e\\examples\\TestInExamples1.cy.js",
      "beforeHooks": [],
      "afterHooks": [],
      "tests": [],
      "suites": [
        {
          "uuid": "16ef3208-9bf8-4b34-b404-c99bb08ff9d0",
          "title": "My First Test Suite in examples folder",
          "fullFile": "",
          "file": "",
          "beforeHooks": [],
          "afterHooks": [],
          "tests": [
            {
              "title": "My First Test Case",
              "fullTitle": "My First Test Suite in examples folder My First Test Case",
              "timedOut": null,
              "duration": 3979,
              "state": "passed",
              "speed": "fast",
              "pass": true,
              "fail": false,
              "pending": false,
              "context": null,
              "code": "// test steps\ncy.visit(\"https://rahulshettyacademy.com/seleniumPractise/#/\");",
              "err": {},
              "uuid": "4657288c-87b8-4972-ad11-811df6948120",
              "parentUUID": "16ef3208-9bf8-4b34-b404-c99bb08ff9d0",
              "isHook": false,
              "skipped": false
            }
          ],
          "suites": [],
          "passes": [
            "4657288c-87b8-4972-ad11-811df6948120"
          ],
          "failures": [],
          "pending": [],
          "skipped": [],
          "duration": 3979,
          "root": false,
          "rootEmpty": false,
          "_timeout": 2000
        }
      ],
      "passes": [],
      "failures": [],
      "pending": [],
      "skipped": [],
      "duration": 0,
      "root": true,
      "rootEmpty": true,
      "_timeout": 2000
    }
  ],
  "meta": {
    "mocha": {
      "version": "7.0.1"
    },
    "mochawesome": {
      "options": {
        "quiet": false,
        "reportFilename": "mochawesome",
        "saveHtml": true,
        "saveJson": true,
        "consoleReporter": "spec",
        "useInlineDiffs": false,
        "code": true
      },
      "version": "7.1.3"
    },
    "marge": {
      "options": null,
      "version": "6.2.0"
    }
  }
}